


ARM Macro Assembler    Page 1 


    1 00000000         ; LCD.s
    2 00000000         ; Student names: change this to your names or look very 
                       silly
    3 00000000         ; Last modification date: change this to the last modifi
                       cation date or look very silly
    4 00000000         
    5 00000000         ; Runs on LM4F120/TM4C123
    6 00000000         ; Use SSI0 to send an 8-bit code to the ST7735 160x128 p
                       ixel LCD.
    7 00000000         
    8 00000000         ; As part of Lab 7, students need to implement these LCD
                       _WriteCommand and LCD_WriteData
    9 00000000         ; This driver assumes two low-level LCD functions
   10 00000000         
   11 00000000         ; Backlight (pin 10) connected to +3.3 V
   12 00000000         ; MISO (pin 9) unconnected
   13 00000000         ; SCK (pin 8) connected to PA2 (SSI0Clk)
   14 00000000         ; MOSI (pin 7) connected to PA5 (SSI0Tx)
   15 00000000         ; TFT_CS (pin 6) connected to PA3 (SSI0Fss)
   16 00000000         ; CARD_CS (pin 5) unconnected
   17 00000000         ; Data/Command (pin 4) connected to PA6 (GPIO)
   18 00000000         ; RESET (pin 3) connected to PA7 (GPIO)
   19 00000000         ; VCC (pin 2) connected to +3.3 V
   20 00000000         ; Gnd (pin 1) connected to ground
   21 00000000         
   22 00000000 400043FC 
                       GPIO_PORTA_DATA_R
                               EQU              0x400043FC
   23 00000000 40008008 
                       SSI0_DR_R
                               EQU              0x40008008
   24 00000000 4000800C 
                       SSI0_SR_R
                               EQU              0x4000800C
   25 00000000 00000004 
                       SSI_SR_RNE
                               EQU              0x00000004  ; SSI Receive FIFO 
                                                            Not Empty
   26 00000000 00000010 
                       SSI_SR_BSY
                               EQU              0x00000010  ; SSI Busy Bit
   27 00000000 00000002 
                       SSI_SR_TNF
                               EQU              0x00000002  ; SSI Transmit FIFO
                                                             Not Full
   28 00000000         
   29 00000000                 EXPORT           writecommand
   30 00000000                 EXPORT           writedata
   31 00000000         
   32 00000000                 AREA             |.text|, CODE, READONLY, ALIGN=
2
   33 00000000                 THUMB
   34 00000000                 ALIGN
   35 00000000         
   36 00000000         ; The Data/Command pin must be valid when the eighth bit
                        is
   37 00000000         ; sent.  The SSI module has hardware input and output FI
                       FOs
   38 00000000         ; that are 8 locations deep.  Based on the observation t



ARM Macro Assembler    Page 2 


                       hat
   39 00000000         ; the LCD interface tends to send a few commands and the
                       n a
   40 00000000         ; lot of data, the FIFOs are not used when writing
   41 00000000         ; commands, and they are used when writing data.  This
   42 00000000         ; ensures that the Data/Command pin status matches the b
                       yte
   43 00000000         ; that is actually being transmitted.
   44 00000000         ; The write command operation waits until all data has b
                       een
   45 00000000         ; sent, configures the Data/Command pin for commands, se
                       nds
   46 00000000         ; the command, and then waits for the transmission to
   47 00000000         ; finish.
   48 00000000         ; The write data operation waits until there is room in 
                       the
   49 00000000         ; transmit FIFO, configures the Data/Command pin for dat
                       a,
   50 00000000         ; and then adds the data to the transmit FIFO.
   51 00000000         ; NOTE: These functions will crash or stall indefinitely
                        if
   52 00000000         ; the SSI0 module is not initialized and enabled.
   53 00000000         
   54 00000000         ; This is a helper function that sends an 8-bit command 
                       to the LCD.
   55 00000000         ; Input: R0  8-bit command to transmit
   56 00000000         ; Output: none
   57 00000000         ; Assumes: SSI0 and port A have already been initialized
                        and enabled
   58 00000000         writecommand
   59 00000000         ;1) Read SSI0_SR_R and check bit 4, 
   60 00000000         ;2) If bit 4 is high, loop back to step 1 (wait for BUSY
                        bit to be low)
   61 00000000         ;3) Clear D/C=PA6 to zero
   62 00000000         ;4) Write the command to SSI0_DR_R
   63 00000000         ;5) Read SSI0_SR_R and check bit 4, 
   64 00000000         ;6) If bit 4 is high, loop back to step 5 (wait for BUSY
                        bit to be low)
   65 00000000 4912            LDR              R1,=SSI0_SR_R
   66 00000002 680A    CHECK   LDR              R2,[R1]
   67 00000004 F002 0210       AND              R2,#0x10
   68 00000008 3200            ADDS             R2,#0
   69 0000000A 2A00            CMP              R2, #0
   70 0000000C D1F9            BNE              CHECK
   71 0000000E 4910            LDR              R1,=GPIO_PORTA_DATA_R
   72 00000010 680A            LDR              R2,[R1]
   73 00000012 F002 02BF       AND              R2,#0xBF
   74 00000016 600A            STR              R2,[R1]
   75 00000018 490E            LDR              R1,=SSI0_DR_R
   76 0000001A 7008            STRB             R0,[R1]
   77 0000001C 490B            LDR              R1,=SSI0_SR_R
   78 0000001E 680A    CHECK2  LDR              R2,[R1]
   79 00000020 F002 0210       AND              R2,#0x10
   80 00000024 3200            ADDS             R2,#0
   81 00000026 2A00            CMP              R2, #0
   82 00000028 D1F9            BNE              CHECK2
   83 0000002A         
   84 0000002A         
   85 0000002A 4770            BX               LR          ;   return



ARM Macro Assembler    Page 3 


   86 0000002C         
   87 0000002C         ; This is a helper function that sends an 8-bit data to 
                       the LCD.
   88 0000002C         ; Input: R0  8-bit data to transmit
   89 0000002C         ; Output: none
   90 0000002C         ; Assumes: SSI0 and port A have already been initialized
                        and enabled
   91 0000002C         writedata
   92 0000002C         ;1) Read SSI0_SR_R and check bit 1, 
   93 0000002C         ;2) If bit 1 is low loop back to step 1 (wait for TNF bi
                       t to be high)
   94 0000002C         ;3) Set D/C=PA6 to one
   95 0000002C         ;4) Write the 8-bit data to SSI0_DR_R
   96 0000002C 4907            LDR              R1,=SSI0_SR_R
   97 0000002E 680A    CHECK0  LDR              R2,[R1]
   98 00000030 F002 0201       AND              R2,#0x01
   99 00000034 3200            ADDS             R2,#0
  100 00000036 2A00            CMP              R2, #0
  101 00000038 D0F9            BEQ              CHECK0
  102 0000003A 4905            LDR              R1,=GPIO_PORTA_DATA_R
  103 0000003C 680A            LDR              R2,[R1]
  104 0000003E F042 0240       ORR              R2,#0x40
  105 00000042 600A            STR              R2,[R1]
  106 00000044 4903            LDR              R1,=SSI0_DR_R
  107 00000046 7008            STRB             R0,[R1]
  108 00000048 4770            BX               LR          ;   return
  109 0000004A         
  110 0000004A         
  111 0000004A         ;***************************************************
  112 0000004A         ; This is a library for the Adafruit 1.8" SPI display.
  113 0000004A         ; This library works with the Adafruit 1.8" TFT Breakout
                        w/SD card
  114 0000004A         ; ----> http://www.adafruit.com/products/358
  115 0000004A         ; as well as Adafruit raw 1.8" TFT display
  116 0000004A         ; ----> http://www.adafruit.com/products/618
  117 0000004A         ;
  118 0000004A         ; Check out the links above for our tutorials and wiring
                        diagrams
  119 0000004A         ; These displays use SPI to communicate, 4 or 5 pins are
                        required to
  120 0000004A         ; interface (RST is optional)
  121 0000004A         ; Adafruit invests time and resources providing this ope
                       n source code,
  122 0000004A         ; please support Adafruit and open-source hardware by pu
                       rchasing
  123 0000004A         ; products from Adafruit!
  124 0000004A         ;
  125 0000004A         ; Written by Limor Fried/Ladyada for Adafruit Industries
                       .
  126 0000004A         ; MIT license, all text above must be included in any re
                       distribution
  127 0000004A         ;****************************************************
  128 0000004A                 PRESERVE8
  129 0000004A 00 00           ALIGN                        ; make sure the end
                                                             of this section is
                                                             aligned
  130 0000004C                 END                          ; end of file
              4000800C 
              400043FC 



ARM Macro Assembler    Page 4 


              40008008 
Command Line: --debug --xref --cpu=Cortex-M4 --apcs=interwork --depend=.\lcd.d 
-o.\lcd.o -I"C:\Users\Tara Kuruvilla\Desktop\ARM\RV31\INC" -I"C:\Users\Tara Kur
uvilla\Desktop\ARM\CMSIS\Include" -I"C:\Users\Tara Kuruvilla\Desktop\ARM\Inc\Lu
minary" --predefine="__EVAL SETA 1" --list=.\lcd.lst LCD.s



ARM Macro Assembler    Page 1 Alphabetic symbol ordering
Relocatable symbols

.text 00000000

Symbol: .text
   Definitions
      At line 32 in file LCD.s
   Uses
      None
Comment: .text unused
CHECK 00000002

Symbol: CHECK
   Definitions
      At line 66 in file LCD.s
   Uses
      At line 70 in file LCD.s
Comment: CHECK used once
CHECK0 0000002E

Symbol: CHECK0
   Definitions
      At line 97 in file LCD.s
   Uses
      At line 101 in file LCD.s
Comment: CHECK0 used once
CHECK2 0000001E

Symbol: CHECK2
   Definitions
      At line 78 in file LCD.s
   Uses
      At line 82 in file LCD.s
Comment: CHECK2 used once
writecommand 00000000

Symbol: writecommand
   Definitions
      At line 58 in file LCD.s
   Uses
      At line 29 in file LCD.s
Comment: writecommand used once
writedata 0000002C

Symbol: writedata
   Definitions
      At line 91 in file LCD.s
   Uses
      At line 30 in file LCD.s
Comment: writedata used once
6 symbols



ARM Macro Assembler    Page 1 Alphabetic symbol ordering
Absolute symbols

GPIO_PORTA_DATA_R 400043FC

Symbol: GPIO_PORTA_DATA_R
   Definitions
      At line 22 in file LCD.s
   Uses
      At line 71 in file LCD.s
      At line 102 in file LCD.s

SSI0_DR_R 40008008

Symbol: SSI0_DR_R
   Definitions
      At line 23 in file LCD.s
   Uses
      At line 75 in file LCD.s
      At line 106 in file LCD.s

SSI0_SR_R 4000800C

Symbol: SSI0_SR_R
   Definitions
      At line 24 in file LCD.s
   Uses
      At line 65 in file LCD.s
      At line 77 in file LCD.s
      At line 96 in file LCD.s

SSI_SR_BSY 00000010

Symbol: SSI_SR_BSY
   Definitions
      At line 26 in file LCD.s
   Uses
      None
Comment: SSI_SR_BSY unused
SSI_SR_RNE 00000004

Symbol: SSI_SR_RNE
   Definitions
      At line 25 in file LCD.s
   Uses
      None
Comment: SSI_SR_RNE unused
SSI_SR_TNF 00000002

Symbol: SSI_SR_TNF
   Definitions
      At line 27 in file LCD.s
   Uses
      None
Comment: SSI_SR_TNF unused
6 symbols
345 symbols in table
